<?xml version="1.0" encoding="UTF-8"?>
<!-- Generated by org.testng.reporters.JUnitReportReporter -->
<testsuite skipped="0" hostname="LAPTOP-C9GCE5DU" name="com.crm.vtiger.test.CreateOrganisationWithBillingAddress" tests="1" failures="0" timestamp="2021-03-12T12:34:24 IST" time="8.616" errors="0">
  <testcase name="createOrganisationWithBillingAddressTest" time="8.616" classname="com.crm.vtiger.test.CreateOrganisationWithBillingAddress"/>
  <system-out/>
</testsuite> <!-- com.crm.vtiger.test.CreateOrganisationWithBillingAddress -->
