<?xml version="1.0" encoding="UTF-8"?>
<!-- Generated by org.testng.reporters.JUnitReportReporter -->
<testsuite skipped="0" hostname="LAPTOP-C9GCE5DU" name="com.crm.vtiger.test.Test_Case_19" tests="1" failures="0" timestamp="2021-02-25T22:18:53 IST" time="16.672" errors="0">
  <testcase name="tc19" time="16.672" classname="com.crm.vtiger.test.Test_Case_19"/>
  <system-out/>
</testsuite> <!-- com.crm.vtiger.test.Test_Case_19 -->
