<?xml version="1.0" encoding="UTF-8"?>
<!-- Generated by org.testng.reporters.JUnitReportReporter -->
<testsuite skipped="0" hostname="LAPTOP-C9GCE5DU" name="com.crm.vtiger.test.Test_Case_20" tests="1" failures="0" timestamp="2021-02-25T22:22:19 IST" time="18.167" errors="0">
  <testcase name="tc20" time="18.167" classname="com.crm.vtiger.test.Test_Case_20"/>
  <system-out/>
</testsuite> <!-- com.crm.vtiger.test.Test_Case_20 -->
