<?xml version="1.0" encoding="UTF-8"?>
<!-- Generated by org.testng.reporters.JUnitReportReporter -->
<testsuite skipped="0" hostname="LAPTOP-C9GCE5DU" name="com.crm.vtiger.test.Test_Case_23" tests="1" failures="0" timestamp="2021-02-26T12:01:23 IST" time="13.763" errors="0">
  <testcase name="tc23" time="13.763" classname="com.crm.vtiger.test.Test_Case_23"/>
  <system-out/>
</testsuite> <!-- com.crm.vtiger.test.Test_Case_23 -->
