<?xml version="1.0" encoding="UTF-8"?>
<!-- Generated by org.testng.reporters.JUnitReportReporter -->
<testsuite skipped="0" hostname="LAPTOP-C9GCE5DU" name="com.crm.vtiger.test.CreateOrganisationWithoutBillingAddress" tests="1" failures="0" timestamp="2021-02-26T17:34:15 IST" time="12.935" errors="0">
  <testcase name="createOrganisationWithoutBillingAddressTest" time="12.935" classname="com.crm.vtiger.test.CreateOrganisationWithoutBillingAddress"/>
  <system-out/>
</testsuite> <!-- com.crm.vtiger.test.CreateOrganisationWithoutBillingAddress -->
