<?xml version="1.0" encoding="UTF-8"?>
<!-- Generated by org.testng.reporters.JUnitReportReporter -->
<testsuite skipped="0" hostname="LAPTOP-C9GCE5DU" name="com.crm.vtiger.test.CreateOrganisationWithBillingAddress" tests="1" failures="0" timestamp="2021-02-26T17:53:01 IST" time="13.957" errors="0">
  <testcase name="createOrganisationWithBillingAddressTest" time="13.957" classname="com.crm.vtiger.test.CreateOrganisationWithBillingAddress"/>
  <system-out/>
</testsuite> <!-- com.crm.vtiger.test.CreateOrganisationWithBillingAddress -->
