<?xml version="1.0" encoding="UTF-8"?>
<!-- Generated by org.testng.reporters.JUnitReportReporter -->
<testsuite skipped="0" hostname="LAPTOP-C9GCE5DU" name="com.crm.vtiger.test.SearchOrganisationWithAlbhabets" tests="1" failures="0" timestamp="2021-03-28T20:25:07 IST" time="18.627" errors="0">
  <testcase name="searchOrganisationWithAlbhabetsTest" time="18.627" classname="com.crm.vtiger.test.SearchOrganisationWithAlbhabets"/>
  <system-out/>
</testsuite> <!-- com.crm.vtiger.test.SearchOrganisationWithAlbhabets -->
