<?xml version="1.0" encoding="UTF-8"?>
<!-- Generated by org.testng.reporters.JUnitReportReporter -->
<testsuite skipped="0" hostname="LAPTOP-C9GCE5DU" name="com.crm.vtiger.test.Test_Case_18" tests="1" failures="0" timestamp="2021-02-25T22:10:28 IST" time="19.354" errors="0">
  <testcase name="tc18" time="19.354" classname="com.crm.vtiger.test.Test_Case_18"/>
  <system-out/>
</testsuite> <!-- com.crm.vtiger.test.Test_Case_18 -->
