<?xml version="1.0" encoding="UTF-8"?>
<!-- Generated by org.testng.reporters.JUnitReportReporter -->
<testsuite skipped="0" hostname="LAPTOP-C9GCE5DU" name="com.crm.vtiger.test.CreateOrganisationWithoutBillingAddress" tests="1" failures="0" timestamp="2021-03-26T20:39:09 IST" time="15.607" errors="0">
  <testcase name="createOrganisationWithoutBillingAddressTest" time="15.607" classname="com.crm.vtiger.test.CreateOrganisationWithoutBillingAddress"/>
  <system-out/>
</testsuite> <!-- com.crm.vtiger.test.CreateOrganisationWithoutBillingAddress -->
