<?xml version="1.0" encoding="UTF-8"?>
<!-- Generated by org.testng.reporters.JUnitReportReporter -->
<testsuite skipped="0" hostname="LAPTOP-C9GCE5DU" name="com.crm.vtiger.test.Test_Case_21" tests="1" failures="0" timestamp="2021-02-25T22:25:51 IST" time="16.473" errors="0">
  <testcase name="tc21" time="16.473" classname="com.crm.vtiger.test.Test_Case_21"/>
  <system-out/>
</testsuite> <!-- com.crm.vtiger.test.Test_Case_21 -->
