<?xml version="1.0" encoding="UTF-8"?>
<!-- Generated by org.testng.reporters.JUnitReportReporter -->
<testsuite skipped="0" hostname="LAPTOP-C9GCE5DU" name="com.vtiger.test.Test_Case_20" tests="1" failures="0" timestamp="2021-02-25T15:41:36 IST" time="11.697" errors="0">
  <testcase name="tc20" time="11.697" classname="com.vtiger.test.Test_Case_20"/>
  <system-out/>
</testsuite> <!-- com.vtiger.test.Test_Case_20 -->
