<?xml version="1.0" encoding="UTF-8"?>
<!-- Generated by org.testng.reporters.JUnitReportReporter -->
<testsuite skipped="0" hostname="LAPTOP-C9GCE5DU" name="com.vtiger.test.Test_Case_18" tests="1" failures="0" timestamp="2021-02-25T15:57:32 IST" time="11.522" errors="0">
  <testcase name="tc18" time="11.522" classname="com.vtiger.test.Test_Case_18"/>
  <system-out/>
</testsuite> <!-- com.vtiger.test.Test_Case_18 -->
