<?xml version="1.0" encoding="UTF-8"?>
<!-- Generated by org.testng.reporters.JUnitReportReporter -->
<testsuite skipped="0" hostname="LAPTOP-C9GCE5DU" name="com.crm.vtiger.test.SearchOrganisationWithAlbhabets" tests="1" failures="0" timestamp="2021-02-28T12:37:11 IST" time="14.759" errors="0">
  <testcase name="searchOrganisationWithAlbhabetsTest" time="14.759" classname="com.crm.vtiger.test.SearchOrganisationWithAlbhabets"/>
  <system-out/>
</testsuite> <!-- com.crm.vtiger.test.SearchOrganisationWithAlbhabets -->
