<?xml version="1.0" encoding="UTF-8"?>
<!-- Generated by org.testng.reporters.JUnitReportReporter -->
<testsuite skipped="0" hostname="LAPTOP-C9GCE5DU" name="com.crm.vtiger.test.CreateOrganisationWithoutShippingAddress" tests="1" failures="0" timestamp="2021-02-27T09:21:18 IST" time="13.672" errors="0">
  <testcase name="createOrganisationWithoutShippingAddressTest" time="13.672" classname="com.crm.vtiger.test.CreateOrganisationWithoutShippingAddress"/>
  <system-out/>
</testsuite> <!-- com.crm.vtiger.test.CreateOrganisationWithoutShippingAddress -->
