<?xml version="1.0" encoding="UTF-8"?>
<!-- Generated by org.testng.reporters.JUnitReportReporter -->
<testsuite skipped="0" hostname="LAPTOP-C9GCE5DU" name="com.crm.vtiger.test.CreateOrganisationWithShippingAddress" tests="1" failures="0" timestamp="2021-03-12T12:31:53 IST" time="11.513" errors="0">
  <testcase name="createOrganisationWithShippingAddressTest" time="11.513" classname="com.crm.vtiger.test.CreateOrganisationWithShippingAddress"/>
  <system-out/>
</testsuite> <!-- com.crm.vtiger.test.CreateOrganisationWithShippingAddress -->
